Build started 2016/5/23 下午 03:30:59.
     1>Project "C:\Users\sos887665\Documents\Visual Studio 2010\Projects\Assignment 3 Framework\VC10\Assignment_02_Framework\Assignment_02_Framework.vcxproj" on node 2 (build target(s)).
     1>InitializeBuildStatus:
         Creating "Release\Assignment_02_Framework.unsuccessfulbuild" because "AlwaysCreate" was specified.
       ClCompile:
         C:\Program Files (x86)\Microsoft Visual Studio 10.0\VC\bin\CL.exe /c /Zi /nologo /W3 /WX- /O2 /Oi /Oy- /GL /D WIN32 /D NDEBUG /D _CONSOLE /Gm- /EHsc /MD /GS /Gy /fp:precise /Zc:wchar_t /Zc:forScope /Fo"Release\\" /Fd"Release\vc100.pdb" /Gd /TP /analyze- /errorReport:prompt main.cpp
         main.cpp
     1>main.cpp(102): warning C4996: 'fopen': This function or variable may be unsafe. Consider using fopen_s instead. To disable deprecation, use _CRT_SECURE_NO_WARNINGS. See online help for details.
                 C:\Program Files (x86)\Microsoft Visual Studio 10.0\VC\include\stdio.h(234) : see declaration of 'fopen'
     1>main.cpp(280): warning C4018: '<' : signed/unsigned mismatch
     1>main.cpp(314): warning C4018: '<' : signed/unsigned mismatch
     1>main.cpp(322): warning C4018: '<' : signed/unsigned mismatch
     1>main.cpp(323): warning C4244: '=' : conversion from 'double' to 'float', possible loss of data
     1>main.cpp(325): warning C4018: '<' : signed/unsigned mismatch
     1>main.cpp(328): warning C4018: '<' : signed/unsigned mismatch
     1>main.cpp(340): warning C4018: '<' : signed/unsigned mismatch
     1>main.cpp(345): warning C4018: '<' : signed/unsigned mismatch
     1>main.cpp(387): warning C4018: '<' : signed/unsigned mismatch
     1>main.cpp(421): warning C4018: '<' : signed/unsigned mismatch
     1>main.cpp(430): warning C4018: '<' : signed/unsigned mismatch
     1>main.cpp(438): warning C4018: '<' : signed/unsigned mismatch
     1>main.cpp(441): warning C4018: '<' : signed/unsigned mismatch
     1>main.cpp(449): warning C4018: '<' : signed/unsigned mismatch
     1>main.cpp(452): warning C4018: '<' : signed/unsigned mismatch
     1>main.cpp(535): warning C4018: '<' : signed/unsigned mismatch
     1>main.cpp(538): warning C4018: '<' : signed/unsigned mismatch
     1>main.cpp(565): warning C4244: '=' : conversion from 'double' to 'float', possible loss of data
     1>main.cpp(675): warning C4244: '=' : conversion from 'int' to 'float', possible loss of data
     1>main.cpp(676): warning C4244: '=' : conversion from 'int' to 'float', possible loss of data
     1>main.cpp(694): warning C4244: 'argument' : conversion from 'float' to 'GLsizei', possible loss of data
     1>main.cpp(694): warning C4244: 'argument' : conversion from 'float' to 'GLsizei', possible loss of data
     1>main.cpp(716): warning C4244: 'argument' : conversion from 'float' to 'GLsizei', possible loss of data
     1>main.cpp(716): warning C4244: 'argument' : conversion from 'float' to 'GLsizei', possible loss of data
     1>main.cpp(753): warning C4244: '=' : conversion from 'double' to 'float', possible loss of data
     1>main.cpp(863): warning C4244: 'argument' : conversion from 'float' to 'int', possible loss of data
     1>main.cpp(863): warning C4244: 'argument' : conversion from 'float' to 'int', possible loss of data
       Link:
         C:\Program Files (x86)\Microsoft Visual Studio 10.0\VC\bin\link.exe /ERRORREPORT:PROMPT /OUT:"C:\Users\sos887665\Documents\Visual Studio 2010\Projects\Assignment 3 Framework\VC10\Release\Assignment_02_Framework.exe" /INCREMENTAL:NO /NOLOGO opengl32.lib freeglut.lib glew32.lib libfbxsdk.lib devil.lib glaux.lib glut32.lib kernel32.lib user32.lib gdi32.lib winspool.lib comdlg32.lib advapi32.lib shell32.lib ole32.lib oleaut32.lib uuid.lib odbc32.lib odbccp32.lib kernel32.lib user32.lib gdi32.lib winspool.lib comdlg32.lib advapi32.lib shell32.lib ole32.lib oleaut32.lib uuid.lib odbc32.lib odbccp32.lib /MANIFEST /ManifestFile:"Release\Assignment_02_Framework.exe.intermediate.manifest" /MANIFESTUAC:"level='asInvoker' uiAccess='false'" /DEBUG /PDB:"C:\Users\sos887665\Documents\Visual Studio 2010\Projects\Assignment 3 Framework\VC10\Release\Assignment_02_Framework.pdb" /SUBSYSTEM:CONSOLE /OPT:REF /OPT:ICF /LTCG /TLBID:1 /DYNAMICBASE /NXCOMPAT /IMPLIB:"C:\Users\sos887665\Documents\Visual Studio 2010\Projects\Assignment 3 Framework\VC10\Release\Assignment_02_Framework.lib" /MACHINE:X86 Release\fbxloader.obj
         Release\main.obj
         Release\tinyobjloader.obj
         Generating code
         Finished generating code
         Assignment_02_Framework.vcxproj -> C:\Users\sos887665\Documents\Visual Studio 2010\Projects\Assignment 3 Framework\VC10\Release\Assignment_02_Framework.exe
       Manifest:
         c:\Program Files (x86)\Microsoft SDKs\Windows\v7.0A\bin\mt.exe /nologo /verbose /outputresource:"C:\Users\sos887665\Documents\Visual Studio 2010\Projects\Assignment 3 Framework\VC10\Release\Assignment_02_Framework.exe;#1" /manifest Release\Assignment_02_Framework.exe.intermediate.manifest
       FinalizeBuildStatus:
         Deleting file "Release\Assignment_02_Framework.unsuccessfulbuild".
         Touching "Release\Assignment_02_Framework.lastbuildstate".
     1>Done Building Project "C:\Users\sos887665\Documents\Visual Studio 2010\Projects\Assignment 3 Framework\VC10\Assignment_02_Framework\Assignment_02_Framework.vcxproj" (build target(s)).

Build succeeded.

Time Elapsed 00:00:35.07
